<?xml version="1.0" encoding="UTF-8"?>
<!-- Generated by org.testng.reporters.JUnitReportReporter -->
<testsuite skipped="0" hostname="DESKTOP-QGB1LSP" name="com.LoginTest.Test_001" tests="2" failures="0" timestamp="2022-07-06T13:56:34 IST" time="25.842" errors="0">
  <testcase name="verifyLoginPage" time="11.741" classname="com.LoginTest.Test_001"/>
  <system-out/>
  <testcase name="verifyLoginPage" time="14.101" classname="com.LoginTest.Test_001"/>
  <system-out/>
</testsuite> <!-- com.LoginTest.Test_001 -->
